0 info it worked if it ends with ok
1 verbose cli [ '/home/okan/.nvm/versions/node/v4.2.2/bin/node',
1 verbose cli   '/home/okan/.nvm/versions/node/v4.2.2/bin/npm',
1 verbose cli   'run',
1 verbose cli   'start:dev' ]
2 info using npm@2.14.7
3 info using node@v4.2.2
4 verbose stack Error: ENOENT: no such file or directory, open '/home/okan/Projects/reactNativeProjects/Grad Project/package.json'
4 verbose stack     at Error (native)
5 verbose cwd /home/okan/Projects/reactNativeProjects/Grad Project
6 error Linux 4.10.0-42-generic
7 error argv "/home/okan/.nvm/versions/node/v4.2.2/bin/node" "/home/okan/.nvm/versions/node/v4.2.2/bin/npm" "run" "start:dev"
8 error node v4.2.2
9 error npm  v2.14.7
10 error path /home/okan/Projects/reactNativeProjects/Grad Project/package.json
11 error code ENOENT
12 error errno -2
13 error syscall open
14 error enoent ENOENT: no such file or directory, open '/home/okan/Projects/reactNativeProjects/Grad Project/package.json'
14 error enoent This is most likely not a problem with npm itself
14 error enoent and is related to npm not being able to find a file.
15 verbose exit [ -2, true ]
